\BOOKMARK [0][-]{section*.1}{\376\377\000C\000a\000l\000c\000u\000l\000a\000t\000i\000n\000g\000\040\000S\000t\000a\000n\000d\000a\000r\000d\000i\000s\000e\000d\000\040\000I\000n\000d\000i\000c\000e\000s\000\040\000U\000s\000i\000n\000g\000\040\000S\000E\000I}{}% 1
\BOOKMARK [1][-]{section.2.1}{\376\377\000I\000n\000t\000r\000o\000d\000u\000c\000t\000i\000o\000n}{section*.1}% 2
\BOOKMARK [1][-]{section.2.2}{\376\377\000H\000o\000w\000\040\000t\000o\000\040\000c\000o\000n\000s\000t\000r\000u\000c\000t\000\040\000s\000t\000a\000n\000d\000a\000r\000d\000i\000s\000e\000d\000\040\000i\000n\000d\000i\000c\000e\000s}{section*.1}% 3
\BOOKMARK [1][-]{section.2.3}{\376\377\000T\000h\000e\000\040\000c\000h\000o\000i\000c\000e\000\040\000o\000f\000\040\000d\000i\000s\000t\000r\000i\000b\000u\000t\000i\000o\000n}{section*.1}% 4
\BOOKMARK [2][-]{subsection.2.3.1}{\376\377\000S\000t\000a\000t\000i\000o\000n\000a\000r\000y\000\040\000d\000i\000s\000t\000r\000i\000b\000u\000t\000i\000o\000n\000\040\000e\000s\000t\000i\000m\000a\000t\000i\000o\000n}{section.2.3}% 5
\BOOKMARK [2][-]{subsection.2.3.2}{\376\377\000N\000o\000n\000-\000s\000t\000a\000t\000i\000o\000n\000a\000r\000y\000\040\000d\000i\000s\000t\000r\000i\000b\000u\000t\000i\000o\000n\000\040\000e\000s\000t\000i\000m\000a\000t\000i\000o\000n}{section.2.3}% 6
\BOOKMARK [2][-]{subsection.2.3.3}{\376\377\000C\000h\000e\000c\000k\000i\000n\000g\000\040\000d\000i\000s\000t\000r\000i\000b\000u\000t\000i\000o\000n\000\040\000f\000i\000t}{section.2.3}% 7
\BOOKMARK [1][-]{section.2.4}{\376\377\000P\000a\000c\000k\000a\000g\000e\000\040\000f\000u\000n\000c\000t\000i\000o\000n\000a\000l\000i\000t\000y}{section*.1}% 8
\BOOKMARK [2][-]{subsection.2.4.1}{\376\377\000S\000t\000a\000n\000d\000a\000r\000d\000i\000s\000e\000d\000\040\000i\000n\000d\000i\000c\000e\000s}{section.2.4}% 9
\BOOKMARK [2][-]{subsection.2.4.2}{\376\377\000N\000o\000n\000-\000s\000t\000a\000t\000i\000o\000n\000a\000r\000y\000\040\000d\000i\000s\000t\000r\000i\000b\000u\000t\000i\000o\000n\000s}{section.2.4}% 10
\BOOKMARK [2][-]{subsection.2.4.3}{\376\377\000G\000r\000o\000u\000p\000i\000n\000g}{section.2.4}% 11
\BOOKMARK [2][-]{subsection.2.4.4}{\376\377\000C\000e\000n\000s\000o\000r\000i\000n\000g}{section.2.4}% 12
\BOOKMARK [2][-]{subsection.2.4.5}{\376\377\000T\000i\000m\000e\000\040\000s\000e\000r\000i\000e\000s\000\040\000m\000a\000n\000i\000p\000u\000l\000a\000t\000i\000o\000n\000s}{section.2.4}% 13
\BOOKMARK [2][-]{subsection.2.4.6}{\376\377\000P\000l\000o\000t\000t\000i\000n\000g\000\040\000s\000t\000a\000n\000d\000a\000r\000d\000i\000s\000e\000d\000\040\000i\000n\000d\000i\000c\000e\000s}{section.2.4}% 14
\BOOKMARK [2][-]{subsection.2.4.7}{\376\377\000D\000r\000o\000u\000g\000h\000t\000\040\000d\000e\000f\000i\000n\000i\000t\000i\000o\000n\000s}{section.2.4}% 15
\BOOKMARK [1][-]{section.2.5}{\376\377\000A\000p\000p\000l\000i\000c\000a\000t\000i\000o\000n\000s}{section*.1}% 16
\BOOKMARK [2][-]{subsection.2.5.1}{\376\377\000R\000e\000n\000e\000w\000a\000b\000l\000e\000\040\000e\000n\000e\000r\000g\000y\000\040\000p\000r\000o\000d\000u\000c\000t\000i\000o\000n}{section.2.5}% 17
\BOOKMARK [2][-]{subsection.2.5.2}{\376\377\000W\000i\000n\000d\000\040\000s\000p\000e\000e\000d}{section.2.5}% 18
\BOOKMARK [1][-]{section.2.6}{\376\377\000S\000u\000m\000m\000a\000r\000y}{section*.1}% 19
\BOOKMARK [1][-]{section.2.7}{\376\377\000A\000c\000k\000n\000o\000w\000l\000e\000d\000g\000e\000m\000e\000n\000t\000s}{section*.1}% 20
\BOOKMARK [1][-]{section.2.8}{\376\377\000A\000p\000p\000e\000n\000d\000i\000x\000:\000\040\000C\000e\000n\000s\000o\000r\000e\000d\000\040\000d\000a\000t\000a}{section*.1}% 21
\BOOKMARK [1][-]{section.2.9}{\376\377\000R\000e\000f\000e\000r\000e\000n\000c\000e\000s}{section*.1}% 22
